<?xml version="1.0" encoding="UTF-8"?>
<!-- Generated by org.testng.reporters.JUnitReportReporter -->
<testsuite hostname="LAPTOP-6AKRDBIF" failures="0" tests="1" name="captureAlert.CapturealertinGiftCards" time="22.129" errors="0" timestamp="2022-11-29T20:01:46 IST" skipped="0">
  <testcase classname="captureAlert.CapturealertinGiftCards" name="capturealert" time="22.129"/>
  <system-out/>
</testsuite> <!-- captureAlert.CapturealertinGiftCards -->
