<?xml version="1.0" encoding="UTF-8"?>
<!-- Generated by org.testng.reporters.JUnitReportReporter -->
<testsuite hostname="LAPTOP-6AKRDBIF" failures="0" tests="1" name="studychairs.Printdetails" time="22.100" errors="0" timestamp="2022-11-29T20:01:46 IST" skipped="0">
  <testcase classname="studychairs.Printdetails" name="capturealert" time="22.100"/>
  <system-out/>
</testsuite> <!-- studychairs.Printdetails -->
